<?xml version="1.0" encoding="UTF-8"?>
<testsuite xmlns:xsi="http://www.w3.org/2001/XMLSchema-instance" xsi:noNamespaceSchemaLocation="https://maven.apache.org/surefire/maven-surefire-plugin/xsd/surefire-test-report.xsd" name="com.initcat.user_service.UserServiceApplicationTests" time="46.82" tests="1" errors="0" skipped="0" failures="0">
  <properties>
    <property name="gopherProxySet" value="false"/>
    <property name="awt.toolkit" value="sun.lwawt.macosx.LWCToolkit"/>
    <property name="file.encoding.pkg" value="sun.io"/>
    <property name="java.specification.version" value="1.8"/>
    <property name="sun.cpu.isalist" value=""/>
    <property name="sun.jnu.encoding" value="UTF-8"/>
    <property name="java.class.path" value="/Users/libo/Develop/ideaProjects-self/initcat_service/user/user_service/target/test-classes:/Users/libo/Develop/ideaProjects-self/initcat_service/user/user_service/target/classes:/Users/libo/Develop/DevelopDocument/MavenRespository/com/initcat/user_common/user_common/0.0.1-SNAPSHOT/user_common-0.0.1-SNAPSHOT.jar:/Users/libo/Develop/DevelopDocument/MavenRespository/org/springframework/boot/spring-boot-starter-data-jpa/2.1.3.RELEASE/spring-boot-starter-data-jpa-2.1.3.RELEASE.jar:/Users/libo/Develop/DevelopDocument/MavenRespository/org/springframework/boot/spring-boot-starter-aop/2.1.3.RELEASE/spring-boot-starter-aop-2.1.3.RELEASE.jar:/Users/libo/Develop/DevelopDocument/MavenRespository/org/springframework/spring-aop/5.1.5.RELEASE/spring-aop-5.1.5.RELEASE.jar:/Users/libo/Develop/DevelopDocument/MavenRespository/org/aspectj/aspectjweaver/1.9.2/aspectjweaver-1.9.2.jar:/Users/libo/Develop/DevelopDocument/MavenRespository/org/springframework/boot/spring-boot-starter-jdbc/2.1.3.RELEASE/spring-boot-starter-jdbc-2.1.3.RELEASE.jar:/Users/libo/Develop/DevelopDocument/MavenRespository/com/zaxxer/HikariCP/3.2.0/HikariCP-3.2.0.jar:/Users/libo/Develop/DevelopDocument/MavenRespository/org/springframework/spring-jdbc/5.1.5.RELEASE/spring-jdbc-5.1.5.RELEASE.jar:/Users/libo/Develop/DevelopDocument/MavenRespository/javax/transaction/javax.transaction-api/1.3/javax.transaction-api-1.3.jar:/Users/libo/Develop/DevelopDocument/MavenRespository/javax/xml/bind/jaxb-api/2.3.1/jaxb-api-2.3.1.jar:/Users/libo/Develop/DevelopDocument/MavenRespository/javax/activation/javax.activation-api/1.2.0/javax.activation-api-1.2.0.jar:/Users/libo/Develop/DevelopDocument/MavenRespository/org/hibernate/hibernate-core/5.3.7.Final/hibernate-core-5.3.7.Final.jar:/Users/libo/Develop/DevelopDocument/MavenRespository/org/jboss/logging/jboss-logging/3.3.2.Final/jboss-logging-3.3.2.Final.jar:/Users/libo/Develop/DevelopDocument/MavenRespository/javax/persistence/javax.persistence-api/2.2/javax.persistence-api-2.2.jar:/Users/libo/Develop/DevelopDocument/MavenRespository/org/javassist/javassist/3.23.1-GA/javassist-3.23.1-GA.jar:/Users/libo/Develop/DevelopDocument/MavenRespository/net/bytebuddy/byte-buddy/1.9.10/byte-buddy-1.9.10.jar:/Users/libo/Develop/DevelopDocument/MavenRespository/antlr/antlr/2.7.7/antlr-2.7.7.jar:/Users/libo/Develop/DevelopDocument/MavenRespository/org/jboss/jandex/2.0.5.Final/jandex-2.0.5.Final.jar:/Users/libo/Develop/DevelopDocument/MavenRespository/com/fasterxml/classmate/1.4.0/classmate-1.4.0.jar:/Users/libo/Develop/DevelopDocument/MavenRespository/org/dom4j/dom4j/2.1.1/dom4j-2.1.1.jar:/Users/libo/Develop/DevelopDocument/MavenRespository/org/hibernate/common/hibernate-commons-annotations/5.0.4.Final/hibernate-commons-annotations-5.0.4.Final.jar:/Users/libo/Develop/DevelopDocument/MavenRespository/org/springframework/data/spring-data-jpa/2.1.5.RELEASE/spring-data-jpa-2.1.5.RELEASE.jar:/Users/libo/Develop/DevelopDocument/MavenRespository/org/springframework/data/spring-data-commons/2.1.5.RELEASE/spring-data-commons-2.1.5.RELEASE.jar:/Users/libo/Develop/DevelopDocument/MavenRespository/org/springframework/spring-orm/5.1.5.RELEASE/spring-orm-5.1.5.RELEASE.jar:/Users/libo/Develop/DevelopDocument/MavenRespository/org/springframework/spring-context/5.1.5.RELEASE/spring-context-5.1.5.RELEASE.jar:/Users/libo/Develop/DevelopDocument/MavenRespository/org/springframework/spring-tx/5.1.5.RELEASE/spring-tx-5.1.5.RELEASE.jar:/Users/libo/Develop/DevelopDocument/MavenRespository/org/springframework/spring-beans/5.1.5.RELEASE/spring-beans-5.1.5.RELEASE.jar:/Users/libo/Develop/DevelopDocument/MavenRespository/org/springframework/spring-aspects/5.1.5.RELEASE/spring-aspects-5.1.5.RELEASE.jar:/Users/libo/Develop/DevelopDocument/MavenRespository/org/springframework/boot/spring-boot-starter-web/2.1.3.RELEASE/spring-boot-starter-web-2.1.3.RELEASE.jar:/Users/libo/Develop/DevelopDocument/MavenRespository/org/springframework/boot/spring-boot-starter/2.1.3.RELEASE/spring-boot-starter-2.1.3.RELEASE.jar:/Users/libo/Develop/DevelopDocument/MavenRespository/org/springframework/boot/spring-boot-starter-logging/2.1.3.RELEASE/spring-boot-starter-logging-2.1.3.RELEASE.jar:/Users/libo/Develop/DevelopDocument/MavenRespository/ch/qos/logback/logback-classic/1.2.3/logback-classic-1.2.3.jar:/Users/libo/Develop/DevelopDocument/MavenRespository/ch/qos/logback/logback-core/1.2.3/logback-core-1.2.3.jar:/Users/libo/Develop/DevelopDocument/MavenRespository/org/apache/logging/log4j/log4j-to-slf4j/2.11.2/log4j-to-slf4j-2.11.2.jar:/Users/libo/Develop/DevelopDocument/MavenRespository/org/apache/logging/log4j/log4j-api/2.11.2/log4j-api-2.11.2.jar:/Users/libo/Develop/DevelopDocument/MavenRespository/org/slf4j/jul-to-slf4j/1.7.25/jul-to-slf4j-1.7.25.jar:/Users/libo/Develop/DevelopDocument/MavenRespository/javax/annotation/javax.annotation-api/1.3.2/javax.annotation-api-1.3.2.jar:/Users/libo/Develop/DevelopDocument/MavenRespository/org/yaml/snakeyaml/1.23/snakeyaml-1.23.jar:/Users/libo/Develop/DevelopDocument/MavenRespository/org/springframework/boot/spring-boot-starter-json/2.1.3.RELEASE/spring-boot-starter-json-2.1.3.RELEASE.jar:/Users/libo/Develop/DevelopDocument/MavenRespository/com/fasterxml/jackson/core/jackson-databind/2.9.8/jackson-databind-2.9.8.jar:/Users/libo/Develop/DevelopDocument/MavenRespository/com/fasterxml/jackson/core/jackson-annotations/2.9.0/jackson-annotations-2.9.0.jar:/Users/libo/Develop/DevelopDocument/MavenRespository/com/fasterxml/jackson/core/jackson-core/2.9.8/jackson-core-2.9.8.jar:/Users/libo/Develop/DevelopDocument/MavenRespository/com/fasterxml/jackson/datatype/jackson-datatype-jdk8/2.9.8/jackson-datatype-jdk8-2.9.8.jar:/Users/libo/Develop/DevelopDocument/MavenRespository/com/fasterxml/jackson/datatype/jackson-datatype-jsr310/2.9.8/jackson-datatype-jsr310-2.9.8.jar:/Users/libo/Develop/DevelopDocument/MavenRespository/com/fasterxml/jackson/module/jackson-module-parameter-names/2.9.8/jackson-module-parameter-names-2.9.8.jar:/Users/libo/Develop/DevelopDocument/MavenRespository/org/springframework/boot/spring-boot-starter-tomcat/2.1.3.RELEASE/spring-boot-starter-tomcat-2.1.3.RELEASE.jar:/Users/libo/Develop/DevelopDocument/MavenRespository/org/apache/tomcat/embed/tomcat-embed-core/9.0.16/tomcat-embed-core-9.0.16.jar:/Users/libo/Develop/DevelopDocument/MavenRespository/org/apache/tomcat/embed/tomcat-embed-el/9.0.16/tomcat-embed-el-9.0.16.jar:/Users/libo/Develop/DevelopDocument/MavenRespository/org/apache/tomcat/embed/tomcat-embed-websocket/9.0.16/tomcat-embed-websocket-9.0.16.jar:/Users/libo/Develop/DevelopDocument/MavenRespository/org/hibernate/validator/hibernate-validator/6.0.14.Final/hibernate-validator-6.0.14.Final.jar:/Users/libo/Develop/DevelopDocument/MavenRespository/javax/validation/validation-api/2.0.1.Final/validation-api-2.0.1.Final.jar:/Users/libo/Develop/DevelopDocument/MavenRespository/org/springframework/spring-web/5.1.5.RELEASE/spring-web-5.1.5.RELEASE.jar:/Users/libo/Develop/DevelopDocument/MavenRespository/org/springframework/spring-webmvc/5.1.5.RELEASE/spring-webmvc-5.1.5.RELEASE.jar:/Users/libo/Develop/DevelopDocument/MavenRespository/org/springframework/spring-expression/5.1.5.RELEASE/spring-expression-5.1.5.RELEASE.jar:/Users/libo/Develop/DevelopDocument/MavenRespository/mysql/mysql-connector-java/8.0.15/mysql-connector-java-8.0.15.jar:/Users/libo/Develop/DevelopDocument/MavenRespository/org/projectlombok/lombok/1.18.6/lombok-1.18.6.jar:/Users/libo/Develop/DevelopDocument/MavenRespository/com/alicp/jetcache/jetcache-starter-redis/2.5.9/jetcache-starter-redis-2.5.9.jar:/Users/libo/Develop/DevelopDocument/MavenRespository/com/alicp/jetcache/jetcache-autoconfigure/2.5.9/jetcache-autoconfigure-2.5.9.jar:/Users/libo/Develop/DevelopDocument/MavenRespository/com/alicp/jetcache/jetcache-anno/2.5.9/jetcache-anno-2.5.9.jar:/Users/libo/Develop/DevelopDocument/MavenRespository/com/alicp/jetcache/jetcache-core/2.5.9/jetcache-core-2.5.9.jar:/Users/libo/Develop/DevelopDocument/MavenRespository/com/alicp/jetcache/jetcache-anno-api/2.5.9/jetcache-anno-api-2.5.9.jar:/Users/libo/Develop/DevelopDocument/MavenRespository/com/github/ben-manes/caffeine/caffeine/2.6.2/caffeine-2.6.2.jar:/Users/libo/Develop/DevelopDocument/MavenRespository/org/mvel/mvel2/2.4.0.Final/mvel2-2.4.0.Final.jar:/Users/libo/Develop/DevelopDocument/MavenRespository/com/alicp/jetcache/jetcache-redis/2.5.9/jetcache-redis-2.5.9.jar:/Users/libo/Develop/DevelopDocument/MavenRespository/redis/clients/jedis/2.9.1/jedis-2.9.1.jar:/Users/libo/Develop/DevelopDocument/MavenRespository/org/apache/commons/commons-pool2/2.6.1/commons-pool2-2.6.1.jar:/Users/libo/Develop/DevelopDocument/MavenRespository/com/alibaba/fastjson/1.2.51/fastjson-1.2.51.jar:/Users/libo/Develop/DevelopDocument/MavenRespository/com/esotericsoftware/kryo/4.0.2/kryo-4.0.2.jar:/Users/libo/Develop/DevelopDocument/MavenRespository/com/esotericsoftware/reflectasm/1.11.3/reflectasm-1.11.3.jar:/Users/libo/Develop/DevelopDocument/MavenRespository/org/ow2/asm/asm/5.0.4/asm-5.0.4.jar:/Users/libo/Develop/DevelopDocument/MavenRespository/com/esotericsoftware/minlog/1.3.0/minlog-1.3.0.jar:/Users/libo/Develop/DevelopDocument/MavenRespository/org/objenesis/objenesis/2.5.1/objenesis-2.5.1.jar:/Users/libo/Develop/DevelopDocument/MavenRespository/org/apache/commons/commons-lang3/3.8.1/commons-lang3-3.8.1.jar:/Users/libo/Develop/DevelopDocument/MavenRespository/com/alibaba/druid-spring-boot-starter/1.1.10/druid-spring-boot-starter-1.1.10.jar:/Users/libo/Develop/DevelopDocument/MavenRespository/com/alibaba/druid/1.1.10/druid-1.1.10.jar:/Users/libo/Develop/DevelopDocument/MavenRespository/org/slf4j/slf4j-api/1.7.25/slf4j-api-1.7.25.jar:/Users/libo/Develop/DevelopDocument/MavenRespository/org/springframework/boot/spring-boot-autoconfigure/2.1.3.RELEASE/spring-boot-autoconfigure-2.1.3.RELEASE.jar:/Users/libo/Develop/DevelopDocument/MavenRespository/com/github/ulisesbocchio/jasypt-spring-boot-starter/2.1.0/jasypt-spring-boot-starter-2.1.0.jar:/Users/libo/Develop/DevelopDocument/MavenRespository/com/github/ulisesbocchio/jasypt-spring-boot/2.1.0/jasypt-spring-boot-2.1.0.jar:/Users/libo/Develop/DevelopDocument/MavenRespository/org/jasypt/jasypt/1.9.2/jasypt-1.9.2.jar:/Users/libo/Develop/DevelopDocument/MavenRespository/org/springframework/boot/spring-boot-starter-test/2.1.3.RELEASE/spring-boot-starter-test-2.1.3.RELEASE.jar:/Users/libo/Develop/DevelopDocument/MavenRespository/org/springframework/boot/spring-boot-test-autoconfigure/2.1.3.RELEASE/spring-boot-test-autoconfigure-2.1.3.RELEASE.jar:/Users/libo/Develop/DevelopDocument/MavenRespository/com/jayway/jsonpath/json-path/2.4.0/json-path-2.4.0.jar:/Users/libo/Develop/DevelopDocument/MavenRespository/net/minidev/json-smart/2.3/json-smart-2.3.jar:/Users/libo/Develop/DevelopDocument/MavenRespository/net/minidev/accessors-smart/1.2/accessors-smart-1.2.jar:/Users/libo/Develop/DevelopDocument/MavenRespository/org/assertj/assertj-core/3.11.1/assertj-core-3.11.1.jar:/Users/libo/Develop/DevelopDocument/MavenRespository/org/mockito/mockito-core/2.23.4/mockito-core-2.23.4.jar:/Users/libo/Develop/DevelopDocument/MavenRespository/net/bytebuddy/byte-buddy-agent/1.9.10/byte-buddy-agent-1.9.10.jar:/Users/libo/Develop/DevelopDocument/MavenRespository/org/hamcrest/hamcrest-core/1.3/hamcrest-core-1.3.jar:/Users/libo/Develop/DevelopDocument/MavenRespository/org/hamcrest/hamcrest-library/1.3/hamcrest-library-1.3.jar:/Users/libo/Develop/DevelopDocument/MavenRespository/org/skyscreamer/jsonassert/1.5.0/jsonassert-1.5.0.jar:/Users/libo/Develop/DevelopDocument/MavenRespository/com/vaadin/external/google/android-json/0.0.20131108.vaadin1/android-json-0.0.20131108.vaadin1.jar:/Users/libo/Develop/DevelopDocument/MavenRespository/org/springframework/spring-core/5.1.5.RELEASE/spring-core-5.1.5.RELEASE.jar:/Users/libo/Develop/DevelopDocument/MavenRespository/org/springframework/spring-jcl/5.1.5.RELEASE/spring-jcl-5.1.5.RELEASE.jar:/Users/libo/Develop/DevelopDocument/MavenRespository/org/springframework/spring-test/5.1.5.RELEASE/spring-test-5.1.5.RELEASE.jar:/Users/libo/Develop/DevelopDocument/MavenRespository/org/xmlunit/xmlunit-core/2.6.2/xmlunit-core-2.6.2.jar:/Users/libo/Develop/DevelopDocument/MavenRespository/org/springframework/boot/spring-boot-test/2.1.3.RELEASE/spring-boot-test-2.1.3.RELEASE.jar:/Users/libo/Develop/DevelopDocument/MavenRespository/org/springframework/boot/spring-boot/2.1.3.RELEASE/spring-boot-2.1.3.RELEASE.jar:/Users/libo/Develop/DevelopDocument/MavenRespository/junit/junit/4.12/junit-4.12.jar:/Users/libo/Develop/DevelopDocument/MavenRespository/com/alibaba/spring/boot/dubbo-spring-boot-starter/2.0.0/dubbo-spring-boot-starter-2.0.0.jar:/Users/libo/Develop/DevelopDocument/MavenRespository/com/alibaba/dubbo/2.6.0/dubbo-2.6.0.jar:/Users/libo/Develop/DevelopDocument/MavenRespository/org/jboss/netty/netty/3.2.5.Final/netty-3.2.5.Final.jar:/Users/libo/Develop/DevelopDocument/MavenRespository/org/springframework/boot/spring-boot-starter-actuator/2.1.3.RELEASE/spring-boot-starter-actuator-2.1.3.RELEASE.jar:/Users/libo/Develop/DevelopDocument/MavenRespository/org/springframework/boot/spring-boot-actuator-autoconfigure/2.1.3.RELEASE/spring-boot-actuator-autoconfigure-2.1.3.RELEASE.jar:/Users/libo/Develop/DevelopDocument/MavenRespository/org/springframework/boot/spring-boot-actuator/2.1.3.RELEASE/spring-boot-actuator-2.1.3.RELEASE.jar:/Users/libo/Develop/DevelopDocument/MavenRespository/io/micrometer/micrometer-core/1.1.3/micrometer-core-1.1.3.jar:/Users/libo/Develop/DevelopDocument/MavenRespository/org/hdrhistogram/HdrHistogram/2.1.9/HdrHistogram-2.1.9.jar:/Users/libo/Develop/DevelopDocument/MavenRespository/org/latencyutils/LatencyUtils/2.0.3/LatencyUtils-2.0.3.jar:/Users/libo/Develop/DevelopDocument/MavenRespository/com/101tec/zkclient/0.10/zkclient-0.10.jar:/Users/libo/Develop/DevelopDocument/MavenRespository/org/apache/zookeeper/zookeeper/3.4.8/zookeeper-3.4.8.jar:/Users/libo/Develop/DevelopDocument/MavenRespository/org/slf4j/slf4j-log4j12/1.7.25/slf4j-log4j12-1.7.25.jar:/Users/libo/Develop/DevelopDocument/MavenRespository/log4j/log4j/1.2.16/log4j-1.2.16.jar:/Users/libo/Develop/DevelopDocument/MavenRespository/jline/jline/0.9.94/jline-0.9.94.jar:/Users/libo/Develop/DevelopDocument/MavenRespository/io/netty/netty/3.7.0.Final/netty-3.7.0.Final.jar:"/>
    <property name="java.vm.vendor" value="Oracle Corporation"/>
    <property name="sun.arch.data.model" value="64"/>
    <property name="java.vendor.url" value="http://java.oracle.com/"/>
    <property name="user.timezone" value=""/>
    <property name="java.vm.specification.version" value="1.8"/>
    <property name="os.name" value="Mac OS X"/>
    <property name="user.country" value="CN"/>
    <property name="sun.java.launcher" value="SUN_STANDARD"/>
    <property name="sun.boot.library.path" value="/Library/Java/JavaVirtualMachines/jdk1.8.0_144.jdk/Contents/Home/jre/lib"/>
    <property name="sun.java.command" value="/Users/libo/Develop/ideaProjects-self/initcat_service/user/user_service/target/surefire/surefirebooter7551377439311814663.jar /Users/libo/Develop/ideaProjects-self/initcat_service/user/user_service/target/surefire 2019-03-21T19-37-01_871-jvmRun1 surefire7541202445312472132tmp surefire_03152524462464999563tmp"/>
    <property name="http.nonProxyHosts" value="local|*.local|169.254/16|*.169.254/16"/>
    <property name="surefire.test.class.path" value="/Users/libo/Develop/ideaProjects-self/initcat_service/user/user_service/target/test-classes:/Users/libo/Develop/ideaProjects-self/initcat_service/user/user_service/target/classes:/Users/libo/Develop/DevelopDocument/MavenRespository/com/initcat/user_common/user_common/0.0.1-SNAPSHOT/user_common-0.0.1-SNAPSHOT.jar:/Users/libo/Develop/DevelopDocument/MavenRespository/org/springframework/boot/spring-boot-starter-data-jpa/2.1.3.RELEASE/spring-boot-starter-data-jpa-2.1.3.RELEASE.jar:/Users/libo/Develop/DevelopDocument/MavenRespository/org/springframework/boot/spring-boot-starter-aop/2.1.3.RELEASE/spring-boot-starter-aop-2.1.3.RELEASE.jar:/Users/libo/Develop/DevelopDocument/MavenRespository/org/springframework/spring-aop/5.1.5.RELEASE/spring-aop-5.1.5.RELEASE.jar:/Users/libo/Develop/DevelopDocument/MavenRespository/org/aspectj/aspectjweaver/1.9.2/aspectjweaver-1.9.2.jar:/Users/libo/Develop/DevelopDocument/MavenRespository/org/springframework/boot/spring-boot-starter-jdbc/2.1.3.RELEASE/spring-boot-starter-jdbc-2.1.3.RELEASE.jar:/Users/libo/Develop/DevelopDocument/MavenRespository/com/zaxxer/HikariCP/3.2.0/HikariCP-3.2.0.jar:/Users/libo/Develop/DevelopDocument/MavenRespository/org/springframework/spring-jdbc/5.1.5.RELEASE/spring-jdbc-5.1.5.RELEASE.jar:/Users/libo/Develop/DevelopDocument/MavenRespository/javax/transaction/javax.transaction-api/1.3/javax.transaction-api-1.3.jar:/Users/libo/Develop/DevelopDocument/MavenRespository/javax/xml/bind/jaxb-api/2.3.1/jaxb-api-2.3.1.jar:/Users/libo/Develop/DevelopDocument/MavenRespository/javax/activation/javax.activation-api/1.2.0/javax.activation-api-1.2.0.jar:/Users/libo/Develop/DevelopDocument/MavenRespository/org/hibernate/hibernate-core/5.3.7.Final/hibernate-core-5.3.7.Final.jar:/Users/libo/Develop/DevelopDocument/MavenRespository/org/jboss/logging/jboss-logging/3.3.2.Final/jboss-logging-3.3.2.Final.jar:/Users/libo/Develop/DevelopDocument/MavenRespository/javax/persistence/javax.persistence-api/2.2/javax.persistence-api-2.2.jar:/Users/libo/Develop/DevelopDocument/MavenRespository/org/javassist/javassist/3.23.1-GA/javassist-3.23.1-GA.jar:/Users/libo/Develop/DevelopDocument/MavenRespository/net/bytebuddy/byte-buddy/1.9.10/byte-buddy-1.9.10.jar:/Users/libo/Develop/DevelopDocument/MavenRespository/antlr/antlr/2.7.7/antlr-2.7.7.jar:/Users/libo/Develop/DevelopDocument/MavenRespository/org/jboss/jandex/2.0.5.Final/jandex-2.0.5.Final.jar:/Users/libo/Develop/DevelopDocument/MavenRespository/com/fasterxml/classmate/1.4.0/classmate-1.4.0.jar:/Users/libo/Develop/DevelopDocument/MavenRespository/org/dom4j/dom4j/2.1.1/dom4j-2.1.1.jar:/Users/libo/Develop/DevelopDocument/MavenRespository/org/hibernate/common/hibernate-commons-annotations/5.0.4.Final/hibernate-commons-annotations-5.0.4.Final.jar:/Users/libo/Develop/DevelopDocument/MavenRespository/org/springframework/data/spring-data-jpa/2.1.5.RELEASE/spring-data-jpa-2.1.5.RELEASE.jar:/Users/libo/Develop/DevelopDocument/MavenRespository/org/springframework/data/spring-data-commons/2.1.5.RELEASE/spring-data-commons-2.1.5.RELEASE.jar:/Users/libo/Develop/DevelopDocument/MavenRespository/org/springframework/spring-orm/5.1.5.RELEASE/spring-orm-5.1.5.RELEASE.jar:/Users/libo/Develop/DevelopDocument/MavenRespository/org/springframework/spring-context/5.1.5.RELEASE/spring-context-5.1.5.RELEASE.jar:/Users/libo/Develop/DevelopDocument/MavenRespository/org/springframework/spring-tx/5.1.5.RELEASE/spring-tx-5.1.5.RELEASE.jar:/Users/libo/Develop/DevelopDocument/MavenRespository/org/springframework/spring-beans/5.1.5.RELEASE/spring-beans-5.1.5.RELEASE.jar:/Users/libo/Develop/DevelopDocument/MavenRespository/org/springframework/spring-aspects/5.1.5.RELEASE/spring-aspects-5.1.5.RELEASE.jar:/Users/libo/Develop/DevelopDocument/MavenRespository/org/springframework/boot/spring-boot-starter-web/2.1.3.RELEASE/spring-boot-starter-web-2.1.3.RELEASE.jar:/Users/libo/Develop/DevelopDocument/MavenRespository/org/springframework/boot/spring-boot-starter/2.1.3.RELEASE/spring-boot-starter-2.1.3.RELEASE.jar:/Users/libo/Develop/DevelopDocument/MavenRespository/org/springframework/boot/spring-boot-starter-logging/2.1.3.RELEASE/spring-boot-starter-logging-2.1.3.RELEASE.jar:/Users/libo/Develop/DevelopDocument/MavenRespository/ch/qos/logback/logback-classic/1.2.3/logback-classic-1.2.3.jar:/Users/libo/Develop/DevelopDocument/MavenRespository/ch/qos/logback/logback-core/1.2.3/logback-core-1.2.3.jar:/Users/libo/Develop/DevelopDocument/MavenRespository/org/apache/logging/log4j/log4j-to-slf4j/2.11.2/log4j-to-slf4j-2.11.2.jar:/Users/libo/Develop/DevelopDocument/MavenRespository/org/apache/logging/log4j/log4j-api/2.11.2/log4j-api-2.11.2.jar:/Users/libo/Develop/DevelopDocument/MavenRespository/org/slf4j/jul-to-slf4j/1.7.25/jul-to-slf4j-1.7.25.jar:/Users/libo/Develop/DevelopDocument/MavenRespository/javax/annotation/javax.annotation-api/1.3.2/javax.annotation-api-1.3.2.jar:/Users/libo/Develop/DevelopDocument/MavenRespository/org/yaml/snakeyaml/1.23/snakeyaml-1.23.jar:/Users/libo/Develop/DevelopDocument/MavenRespository/org/springframework/boot/spring-boot-starter-json/2.1.3.RELEASE/spring-boot-starter-json-2.1.3.RELEASE.jar:/Users/libo/Develop/DevelopDocument/MavenRespository/com/fasterxml/jackson/core/jackson-databind/2.9.8/jackson-databind-2.9.8.jar:/Users/libo/Develop/DevelopDocument/MavenRespository/com/fasterxml/jackson/core/jackson-annotations/2.9.0/jackson-annotations-2.9.0.jar:/Users/libo/Develop/DevelopDocument/MavenRespository/com/fasterxml/jackson/core/jackson-core/2.9.8/jackson-core-2.9.8.jar:/Users/libo/Develop/DevelopDocument/MavenRespository/com/fasterxml/jackson/datatype/jackson-datatype-jdk8/2.9.8/jackson-datatype-jdk8-2.9.8.jar:/Users/libo/Develop/DevelopDocument/MavenRespository/com/fasterxml/jackson/datatype/jackson-datatype-jsr310/2.9.8/jackson-datatype-jsr310-2.9.8.jar:/Users/libo/Develop/DevelopDocument/MavenRespository/com/fasterxml/jackson/module/jackson-module-parameter-names/2.9.8/jackson-module-parameter-names-2.9.8.jar:/Users/libo/Develop/DevelopDocument/MavenRespository/org/springframework/boot/spring-boot-starter-tomcat/2.1.3.RELEASE/spring-boot-starter-tomcat-2.1.3.RELEASE.jar:/Users/libo/Develop/DevelopDocument/MavenRespository/org/apache/tomcat/embed/tomcat-embed-core/9.0.16/tomcat-embed-core-9.0.16.jar:/Users/libo/Develop/DevelopDocument/MavenRespository/org/apache/tomcat/embed/tomcat-embed-el/9.0.16/tomcat-embed-el-9.0.16.jar:/Users/libo/Develop/DevelopDocument/MavenRespository/org/apache/tomcat/embed/tomcat-embed-websocket/9.0.16/tomcat-embed-websocket-9.0.16.jar:/Users/libo/Develop/DevelopDocument/MavenRespository/org/hibernate/validator/hibernate-validator/6.0.14.Final/hibernate-validator-6.0.14.Final.jar:/Users/libo/Develop/DevelopDocument/MavenRespository/javax/validation/validation-api/2.0.1.Final/validation-api-2.0.1.Final.jar:/Users/libo/Develop/DevelopDocument/MavenRespository/org/springframework/spring-web/5.1.5.RELEASE/spring-web-5.1.5.RELEASE.jar:/Users/libo/Develop/DevelopDocument/MavenRespository/org/springframework/spring-webmvc/5.1.5.RELEASE/spring-webmvc-5.1.5.RELEASE.jar:/Users/libo/Develop/DevelopDocument/MavenRespository/org/springframework/spring-expression/5.1.5.RELEASE/spring-expression-5.1.5.RELEASE.jar:/Users/libo/Develop/DevelopDocument/MavenRespository/mysql/mysql-connector-java/8.0.15/mysql-connector-java-8.0.15.jar:/Users/libo/Develop/DevelopDocument/MavenRespository/org/projectlombok/lombok/1.18.6/lombok-1.18.6.jar:/Users/libo/Develop/DevelopDocument/MavenRespository/com/alicp/jetcache/jetcache-starter-redis/2.5.9/jetcache-starter-redis-2.5.9.jar:/Users/libo/Develop/DevelopDocument/MavenRespository/com/alicp/jetcache/jetcache-autoconfigure/2.5.9/jetcache-autoconfigure-2.5.9.jar:/Users/libo/Develop/DevelopDocument/MavenRespository/com/alicp/jetcache/jetcache-anno/2.5.9/jetcache-anno-2.5.9.jar:/Users/libo/Develop/DevelopDocument/MavenRespository/com/alicp/jetcache/jetcache-core/2.5.9/jetcache-core-2.5.9.jar:/Users/libo/Develop/DevelopDocument/MavenRespository/com/alicp/jetcache/jetcache-anno-api/2.5.9/jetcache-anno-api-2.5.9.jar:/Users/libo/Develop/DevelopDocument/MavenRespository/com/github/ben-manes/caffeine/caffeine/2.6.2/caffeine-2.6.2.jar:/Users/libo/Develop/DevelopDocument/MavenRespository/org/mvel/mvel2/2.4.0.Final/mvel2-2.4.0.Final.jar:/Users/libo/Develop/DevelopDocument/MavenRespository/com/alicp/jetcache/jetcache-redis/2.5.9/jetcache-redis-2.5.9.jar:/Users/libo/Develop/DevelopDocument/MavenRespository/redis/clients/jedis/2.9.1/jedis-2.9.1.jar:/Users/libo/Develop/DevelopDocument/MavenRespository/org/apache/commons/commons-pool2/2.6.1/commons-pool2-2.6.1.jar:/Users/libo/Develop/DevelopDocument/MavenRespository/com/alibaba/fastjson/1.2.51/fastjson-1.2.51.jar:/Users/libo/Develop/DevelopDocument/MavenRespository/com/esotericsoftware/kryo/4.0.2/kryo-4.0.2.jar:/Users/libo/Develop/DevelopDocument/MavenRespository/com/esotericsoftware/reflectasm/1.11.3/reflectasm-1.11.3.jar:/Users/libo/Develop/DevelopDocument/MavenRespository/org/ow2/asm/asm/5.0.4/asm-5.0.4.jar:/Users/libo/Develop/DevelopDocument/MavenRespository/com/esotericsoftware/minlog/1.3.0/minlog-1.3.0.jar:/Users/libo/Develop/DevelopDocument/MavenRespository/org/objenesis/objenesis/2.5.1/objenesis-2.5.1.jar:/Users/libo/Develop/DevelopDocument/MavenRespository/org/apache/commons/commons-lang3/3.8.1/commons-lang3-3.8.1.jar:/Users/libo/Develop/DevelopDocument/MavenRespository/com/alibaba/druid-spring-boot-starter/1.1.10/druid-spring-boot-starter-1.1.10.jar:/Users/libo/Develop/DevelopDocument/MavenRespository/com/alibaba/druid/1.1.10/druid-1.1.10.jar:/Users/libo/Develop/DevelopDocument/MavenRespository/org/slf4j/slf4j-api/1.7.25/slf4j-api-1.7.25.jar:/Users/libo/Develop/DevelopDocument/MavenRespository/org/springframework/boot/spring-boot-autoconfigure/2.1.3.RELEASE/spring-boot-autoconfigure-2.1.3.RELEASE.jar:/Users/libo/Develop/DevelopDocument/MavenRespository/com/github/ulisesbocchio/jasypt-spring-boot-starter/2.1.0/jasypt-spring-boot-starter-2.1.0.jar:/Users/libo/Develop/DevelopDocument/MavenRespository/com/github/ulisesbocchio/jasypt-spring-boot/2.1.0/jasypt-spring-boot-2.1.0.jar:/Users/libo/Develop/DevelopDocument/MavenRespository/org/jasypt/jasypt/1.9.2/jasypt-1.9.2.jar:/Users/libo/Develop/DevelopDocument/MavenRespository/org/springframework/boot/spring-boot-starter-test/2.1.3.RELEASE/spring-boot-starter-test-2.1.3.RELEASE.jar:/Users/libo/Develop/DevelopDocument/MavenRespository/org/springframework/boot/spring-boot-test-autoconfigure/2.1.3.RELEASE/spring-boot-test-autoconfigure-2.1.3.RELEASE.jar:/Users/libo/Develop/DevelopDocument/MavenRespository/com/jayway/jsonpath/json-path/2.4.0/json-path-2.4.0.jar:/Users/libo/Develop/DevelopDocument/MavenRespository/net/minidev/json-smart/2.3/json-smart-2.3.jar:/Users/libo/Develop/DevelopDocument/MavenRespository/net/minidev/accessors-smart/1.2/accessors-smart-1.2.jar:/Users/libo/Develop/DevelopDocument/MavenRespository/org/assertj/assertj-core/3.11.1/assertj-core-3.11.1.jar:/Users/libo/Develop/DevelopDocument/MavenRespository/org/mockito/mockito-core/2.23.4/mockito-core-2.23.4.jar:/Users/libo/Develop/DevelopDocument/MavenRespository/net/bytebuddy/byte-buddy-agent/1.9.10/byte-buddy-agent-1.9.10.jar:/Users/libo/Develop/DevelopDocument/MavenRespository/org/hamcrest/hamcrest-core/1.3/hamcrest-core-1.3.jar:/Users/libo/Develop/DevelopDocument/MavenRespository/org/hamcrest/hamcrest-library/1.3/hamcrest-library-1.3.jar:/Users/libo/Develop/DevelopDocument/MavenRespository/org/skyscreamer/jsonassert/1.5.0/jsonassert-1.5.0.jar:/Users/libo/Develop/DevelopDocument/MavenRespository/com/vaadin/external/google/android-json/0.0.20131108.vaadin1/android-json-0.0.20131108.vaadin1.jar:/Users/libo/Develop/DevelopDocument/MavenRespository/org/springframework/spring-core/5.1.5.RELEASE/spring-core-5.1.5.RELEASE.jar:/Users/libo/Develop/DevelopDocument/MavenRespository/org/springframework/spring-jcl/5.1.5.RELEASE/spring-jcl-5.1.5.RELEASE.jar:/Users/libo/Develop/DevelopDocument/MavenRespository/org/springframework/spring-test/5.1.5.RELEASE/spring-test-5.1.5.RELEASE.jar:/Users/libo/Develop/DevelopDocument/MavenRespository/org/xmlunit/xmlunit-core/2.6.2/xmlunit-core-2.6.2.jar:/Users/libo/Develop/DevelopDocument/MavenRespository/org/springframework/boot/spring-boot-test/2.1.3.RELEASE/spring-boot-test-2.1.3.RELEASE.jar:/Users/libo/Develop/DevelopDocument/MavenRespository/org/springframework/boot/spring-boot/2.1.3.RELEASE/spring-boot-2.1.3.RELEASE.jar:/Users/libo/Develop/DevelopDocument/MavenRespository/junit/junit/4.12/junit-4.12.jar:/Users/libo/Develop/DevelopDocument/MavenRespository/com/alibaba/spring/boot/dubbo-spring-boot-starter/2.0.0/dubbo-spring-boot-starter-2.0.0.jar:/Users/libo/Develop/DevelopDocument/MavenRespository/com/alibaba/dubbo/2.6.0/dubbo-2.6.0.jar:/Users/libo/Develop/DevelopDocument/MavenRespository/org/jboss/netty/netty/3.2.5.Final/netty-3.2.5.Final.jar:/Users/libo/Develop/DevelopDocument/MavenRespository/org/springframework/boot/spring-boot-starter-actuator/2.1.3.RELEASE/spring-boot-starter-actuator-2.1.3.RELEASE.jar:/Users/libo/Develop/DevelopDocument/MavenRespository/org/springframework/boot/spring-boot-actuator-autoconfigure/2.1.3.RELEASE/spring-boot-actuator-autoconfigure-2.1.3.RELEASE.jar:/Users/libo/Develop/DevelopDocument/MavenRespository/org/springframework/boot/spring-boot-actuator/2.1.3.RELEASE/spring-boot-actuator-2.1.3.RELEASE.jar:/Users/libo/Develop/DevelopDocument/MavenRespository/io/micrometer/micrometer-core/1.1.3/micrometer-core-1.1.3.jar:/Users/libo/Develop/DevelopDocument/MavenRespository/org/hdrhistogram/HdrHistogram/2.1.9/HdrHistogram-2.1.9.jar:/Users/libo/Develop/DevelopDocument/MavenRespository/org/latencyutils/LatencyUtils/2.0.3/LatencyUtils-2.0.3.jar:/Users/libo/Develop/DevelopDocument/MavenRespository/com/101tec/zkclient/0.10/zkclient-0.10.jar:/Users/libo/Develop/DevelopDocument/MavenRespository/org/apache/zookeeper/zookeeper/3.4.8/zookeeper-3.4.8.jar:/Users/libo/Develop/DevelopDocument/MavenRespository/org/slf4j/slf4j-log4j12/1.7.25/slf4j-log4j12-1.7.25.jar:/Users/libo/Develop/DevelopDocument/MavenRespository/log4j/log4j/1.2.16/log4j-1.2.16.jar:/Users/libo/Develop/DevelopDocument/MavenRespository/jline/jline/0.9.94/jline-0.9.94.jar:/Users/libo/Develop/DevelopDocument/MavenRespository/io/netty/netty/3.7.0.Final/netty-3.7.0.Final.jar:"/>
    <property name="sun.cpu.endian" value="little"/>
    <property name="user.home" value="/Users/libo"/>
    <property name="user.language" value="zh"/>
    <property name="java.specification.vendor" value="Oracle Corporation"/>
    <property name="java.home" value="/Library/Java/JavaVirtualMachines/jdk1.8.0_144.jdk/Contents/Home/jre"/>
    <property name="basedir" value="/Users/libo/Develop/ideaProjects-self/initcat_service/user/user_service"/>
    <property name="file.separator" value="/"/>
    <property name="line.separator" value="&#10;"/>
    <property name="java.vm.specification.vendor" value="Oracle Corporation"/>
    <property name="java.specification.name" value="Java Platform API Specification"/>
    <property name="java.awt.graphicsenv" value="sun.awt.CGraphicsEnvironment"/>
    <property name="surefire.real.class.path" value="/Users/libo/Develop/ideaProjects-self/initcat_service/user/user_service/target/surefire/surefirebooter7551377439311814663.jar"/>
    <property name="sun.boot.class.path" value="/Library/Java/JavaVirtualMachines/jdk1.8.0_144.jdk/Contents/Home/jre/lib/resources.jar:/Library/Java/JavaVirtualMachines/jdk1.8.0_144.jdk/Contents/Home/jre/lib/rt.jar:/Library/Java/JavaVirtualMachines/jdk1.8.0_144.jdk/Contents/Home/jre/lib/sunrsasign.jar:/Library/Java/JavaVirtualMachines/jdk1.8.0_144.jdk/Contents/Home/jre/lib/jsse.jar:/Library/Java/JavaVirtualMachines/jdk1.8.0_144.jdk/Contents/Home/jre/lib/jce.jar:/Library/Java/JavaVirtualMachines/jdk1.8.0_144.jdk/Contents/Home/jre/lib/charsets.jar:/Library/Java/JavaVirtualMachines/jdk1.8.0_144.jdk/Contents/Home/jre/lib/jfr.jar:/Library/Java/JavaVirtualMachines/jdk1.8.0_144.jdk/Contents/Home/jre/classes"/>
    <property name="sun.management.compiler" value="HotSpot 64-Bit Tiered Compilers"/>
    <property name="ftp.nonProxyHosts" value="local|*.local|169.254/16|*.169.254/16"/>
    <property name="java.runtime.version" value="1.8.0_144-b01"/>
    <property name="user.name" value="libo"/>
    <property name="path.separator" value=":"/>
    <property name="os.version" value="10.12.6"/>
    <property name="java.endorsed.dirs" value="/Library/Java/JavaVirtualMachines/jdk1.8.0_144.jdk/Contents/Home/jre/lib/endorsed"/>
    <property name="java.runtime.name" value="Java(TM) SE Runtime Environment"/>
    <property name="file.encoding" value="UTF-8"/>
    <property name="java.vm.name" value="Java HotSpot(TM) 64-Bit Server VM"/>
    <property name="localRepository" value="/Users/libo/Develop/DevelopDocument/MavenRespository"/>
    <property name="java.vendor.url.bug" value="http://bugreport.sun.com/bugreport/"/>
    <property name="java.io.tmpdir" value="/var/folders/p_/rpjddzls7j78xd0r2hxqcf9c0000gn/T/"/>
    <property name="java.version" value="1.8.0_144"/>
    <property name="user.dir" value="/Users/libo/Develop/ideaProjects-self/initcat_service/user/user_service"/>
    <property name="os.arch" value="x86_64"/>
    <property name="java.vm.specification.name" value="Java Virtual Machine Specification"/>
    <property name="java.awt.printerjob" value="sun.lwawt.macosx.CPrinterJob"/>
    <property name="sun.os.patch.level" value="unknown"/>
    <property name="java.library.path" value="/Users/libo/Library/Java/Extensions:/Library/Java/Extensions:/Network/Library/Java/Extensions:/System/Library/Java/Extensions:/usr/lib/java:."/>
    <property name="java.vm.info" value="mixed mode"/>
    <property name="java.vendor" value="Oracle Corporation"/>
    <property name="java.vm.version" value="25.144-b01"/>
    <property name="java.ext.dirs" value="/Users/libo/Library/Java/Extensions:/Library/Java/JavaVirtualMachines/jdk1.8.0_144.jdk/Contents/Home/jre/lib/ext:/Library/Java/Extensions:/Network/Library/Java/Extensions:/System/Library/Java/Extensions:/usr/lib/java"/>
    <property name="sun.io.unicode.encoding" value="UnicodeBig"/>
    <property name="java.class.version" value="52.0"/>
    <property name="socksNonProxyHosts" value="local|*.local|169.254/16|*.169.254/16"/>
  </properties>
  <testcase name="contextLoads" classname="com.initcat.user_service.UserServiceApplicationTests" time="0.062"/>
</testsuite>